<?xml version="1.0" encoding="UTF-8"?>
<trace:TraceModel xmi:version="2.0"
    xmlns:xmi="http://www.omg.org/XMI"
    xmlns:trace="http://www.eclipse.org/gmf/2006/Trace">
  <nodeTraces
      visualID="2001"
      queryText="(let _eClass_:ecore::EClass = modelFacet.metaClass.ecoreClass in _eClass_.ePackage.nsURI = 'http://big.tuwien.ac.at/smartmatcher/ui/gmf/sm_mm1' and _eClass_.name = 'Class') and (let _containmentMF_:ecore::EStructuralFeature = modelFacet.containmentMetaFeature.ecoreFeature in (let _eClass_:ecore::EClass = _containmentMF_.eContainingClass in _eClass_.ePackage.nsURI = 'http://big.tuwien.ac.at/smartmatcher/ui/gmf/sm_mm1' and _eClass_.name = 'MappingModel') and _containmentMF_.name = 'classes')">
    <nodeLabelTraces
        visualID="5002"
        queryText="true"/>
    <compartmentTraces
        visualID="7001"
        queryText="true"/>
  </nodeTraces>
  <nodeTraces
      visualID="2002"
      queryText="(let _eClass_:ecore::EClass = modelFacet.metaClass.ecoreClass in _eClass_.ePackage.nsURI = 'http://big.tuwien.ac.at/smartmatcher/ui/gmf/sm_mm1' and _eClass_.name = 'A2A') and (let _containmentMF_:ecore::EStructuralFeature = modelFacet.containmentMetaFeature.ecoreFeature in (let _eClass_:ecore::EClass = _containmentMF_.eContainingClass in _eClass_.ePackage.nsURI = 'http://big.tuwien.ac.at/smartmatcher/ui/gmf/sm_mm1' and _eClass_.name = 'MappingModel') and _containmentMF_.name = 'operators')"/>
  <nodeTraces
      visualID="2003"
      queryText="(let _eClass_:ecore::EClass = modelFacet.metaClass.ecoreClass in _eClass_.ePackage.nsURI = 'http://big.tuwien.ac.at/smartmatcher/ui/gmf/sm_mm1' and _eClass_.name = 'C2C') and (let _containmentMF_:ecore::EStructuralFeature = modelFacet.containmentMetaFeature.ecoreFeature in (let _eClass_:ecore::EClass = _containmentMF_.eContainingClass in _eClass_.ePackage.nsURI = 'http://big.tuwien.ac.at/smartmatcher/ui/gmf/sm_mm1' and _eClass_.name = 'MappingModel') and _containmentMF_.name = 'operators')"/>
  <nodeTraces
      visualID="2004"
      queryText="(let _eClass_:ecore::EClass = modelFacet.metaClass.ecoreClass in _eClass_.ePackage.nsURI = 'http://big.tuwien.ac.at/smartmatcher/ui/gmf/sm_mm1' and _eClass_.name = 'R2R') and (let _containmentMF_:ecore::EStructuralFeature = modelFacet.containmentMetaFeature.ecoreFeature in (let _eClass_:ecore::EClass = _containmentMF_.eContainingClass in _eClass_.ePackage.nsURI = 'http://big.tuwien.ac.at/smartmatcher/ui/gmf/sm_mm1' and _eClass_.name = 'MappingModel') and _containmentMF_.name = 'operators')"/>
  <nodeTraces
      visualID="2005"
      queryText="(let _eClass_:ecore::EClass = modelFacet.metaClass.ecoreClass in _eClass_.ePackage.nsURI = 'http://big.tuwien.ac.at/smartmatcher/ui/gmf/sm_mm1' and _eClass_.name = 'A2C') and (let _containmentMF_:ecore::EStructuralFeature = modelFacet.containmentMetaFeature.ecoreFeature in (let _eClass_:ecore::EClass = _containmentMF_.eContainingClass in _eClass_.ePackage.nsURI = 'http://big.tuwien.ac.at/smartmatcher/ui/gmf/sm_mm1' and _eClass_.name = 'MappingModel') and _containmentMF_.name = 'operators')"/>
  <childNodeTraces
      visualID="3001"
      queryText="(let _eClass_:ecore::EClass = modelFacet.metaClass.ecoreClass in _eClass_.ePackage.nsURI = 'http://big.tuwien.ac.at/smartmatcher/ui/gmf/sm_mm1' and _eClass_.name = 'Attribute') and (let _containmentMF_:ecore::EStructuralFeature = modelFacet.containmentMetaFeature.ecoreFeature in (let _eClass_:ecore::EClass = _containmentMF_.eContainingClass in _eClass_.ePackage.nsURI = 'http://big.tuwien.ac.at/smartmatcher/ui/gmf/sm_mm1' and _eClass_.name = 'Class') and _containmentMF_.name = 'attributes')">
    <nodeLabelTraces
        visualID="5001"
        queryText="true"/>
  </childNodeTraces>
  <linkTraces
      visualID="4001"
      queryText="modelFacet.oclIsKindOf(gmfgen::FeatureLinkModelFacet) and (let _feature_:ecore::EStructuralFeature = modelFacet.oclAsType(gmfgen::FeatureLinkModelFacet).metaFeature.ecoreFeature in (let _eClass_:ecore::EClass = _feature_.eContainingClass in _eClass_.ePackage.nsURI = 'http://big.tuwien.ac.at/smartmatcher/ui/gmf/sm_mm1' and _eClass_.name = 'C2C') and _feature_.name = 'lhs')"/>
  <linkTraces
      visualID="4002"
      queryText="modelFacet.oclIsKindOf(gmfgen::FeatureLinkModelFacet) and (let _feature_:ecore::EStructuralFeature = modelFacet.oclAsType(gmfgen::FeatureLinkModelFacet).metaFeature.ecoreFeature in (let _eClass_:ecore::EClass = _feature_.eContainingClass in _eClass_.ePackage.nsURI = 'http://big.tuwien.ac.at/smartmatcher/ui/gmf/sm_mm1' and _eClass_.name = 'C2C') and _feature_.name = 'rhs')"/>
  <linkTraces
      visualID="4003"
      queryText="modelFacet.oclIsKindOf(gmfgen::FeatureLinkModelFacet) and (let _feature_:ecore::EStructuralFeature = modelFacet.oclAsType(gmfgen::FeatureLinkModelFacet).metaFeature.ecoreFeature in (let _eClass_:ecore::EClass = _feature_.eContainingClass in _eClass_.ePackage.nsURI = 'http://big.tuwien.ac.at/smartmatcher/ui/gmf/sm_mm1' and _eClass_.name = 'A2A') and _feature_.name = 'lhs')"/>
  <linkTraces
      visualID="4004"
      queryText="modelFacet.oclIsKindOf(gmfgen::FeatureLinkModelFacet) and (let _feature_:ecore::EStructuralFeature = modelFacet.oclAsType(gmfgen::FeatureLinkModelFacet).metaFeature.ecoreFeature in (let _eClass_:ecore::EClass = _feature_.eContainingClass in _eClass_.ePackage.nsURI = 'http://big.tuwien.ac.at/smartmatcher/ui/gmf/sm_mm1' and _eClass_.name = 'A2A') and _feature_.name = 'rhs')"/>
  <linkTraces
      visualID="4005"
      queryText="modelFacet.oclIsKindOf(gmfgen::FeatureLinkModelFacet) and (let _feature_:ecore::EStructuralFeature = modelFacet.oclAsType(gmfgen::FeatureLinkModelFacet).metaFeature.ecoreFeature in (let _eClass_:ecore::EClass = _feature_.eContainingClass in _eClass_.ePackage.nsURI = 'http://big.tuwien.ac.at/smartmatcher/ui/gmf/sm_mm1' and _eClass_.name = 'ContextOperator') and _feature_.name = 'contextMappings')"/>
  <linkTraces
      visualID="4006"
      queryText="modelFacet.oclIsKindOf(gmfgen::TypeLinkModelFacet) and (let _eClass_:ecore::EClass = modelFacet.oclAsType(gmfgen::TypeLinkModelFacet).metaClass.ecoreClass in _eClass_.ePackage.nsURI = 'http://big.tuwien.ac.at/smartmatcher/ui/gmf/sm_mm1' and _eClass_.name = 'Reference')">
    <linkLabelTraces
        visualID="6001"
        queryText="true"/>
  </linkTraces>
  <linkTraces
      visualID="4007"
      queryText="modelFacet.oclIsKindOf(gmfgen::FeatureLinkModelFacet) and (let _feature_:ecore::EStructuralFeature = modelFacet.oclAsType(gmfgen::FeatureLinkModelFacet).metaFeature.ecoreFeature in (let _eClass_:ecore::EClass = _feature_.eContainingClass in _eClass_.ePackage.nsURI = 'http://big.tuwien.ac.at/smartmatcher/ui/gmf/sm_mm1' and _eClass_.name = 'R2R') and _feature_.name = 'lhs')"/>
  <linkTraces
      visualID="4008"
      queryText="modelFacet.oclIsKindOf(gmfgen::FeatureLinkModelFacet) and (let _feature_:ecore::EStructuralFeature = modelFacet.oclAsType(gmfgen::FeatureLinkModelFacet).metaFeature.ecoreFeature in (let _eClass_:ecore::EClass = _feature_.eContainingClass in _eClass_.ePackage.nsURI = 'http://big.tuwien.ac.at/smartmatcher/ui/gmf/sm_mm1' and _eClass_.name = 'R2R') and _feature_.name = 'rhs')"/>
  <linkTraces
      visualID="4009"
      queryText="modelFacet.oclIsKindOf(gmfgen::FeatureLinkModelFacet) and (let _feature_:ecore::EStructuralFeature = modelFacet.oclAsType(gmfgen::FeatureLinkModelFacet).metaFeature.ecoreFeature in (let _eClass_:ecore::EClass = _feature_.eContainingClass in _eClass_.ePackage.nsURI = 'http://big.tuwien.ac.at/smartmatcher/ui/gmf/sm_mm1' and _eClass_.name = 'Class') and _feature_.name = 'supertypes')"/>
  <linkTraces
      visualID="4010"
      queryText="modelFacet.oclIsKindOf(gmfgen::FeatureLinkModelFacet) and (let _feature_:ecore::EStructuralFeature = modelFacet.oclAsType(gmfgen::FeatureLinkModelFacet).metaFeature.ecoreFeature in (let _eClass_:ecore::EClass = _feature_.eContainingClass in _eClass_.ePackage.nsURI = 'http://big.tuwien.ac.at/smartmatcher/ui/gmf/sm_mm1' and _eClass_.name = 'A2C') and _feature_.name = 'lhsAttribute')"/>
  <linkTraces
      visualID="4011"
      queryText="modelFacet.oclIsKindOf(gmfgen::FeatureLinkModelFacet) and (let _feature_:ecore::EStructuralFeature = modelFacet.oclAsType(gmfgen::FeatureLinkModelFacet).metaFeature.ecoreFeature in (let _eClass_:ecore::EClass = _feature_.eContainingClass in _eClass_.ePackage.nsURI = 'http://big.tuwien.ac.at/smartmatcher/ui/gmf/sm_mm1' and _eClass_.name = 'A2C') and _feature_.name = 'rhsAttribute')"/>
  <linkTraces
      visualID="4012"
      queryText="modelFacet.oclIsKindOf(gmfgen::FeatureLinkModelFacet) and (let _feature_:ecore::EStructuralFeature = modelFacet.oclAsType(gmfgen::FeatureLinkModelFacet).metaFeature.ecoreFeature in (let _eClass_:ecore::EClass = _feature_.eContainingClass in _eClass_.ePackage.nsURI = 'http://big.tuwien.ac.at/smartmatcher/ui/gmf/sm_mm1' and _eClass_.name = 'A2C') and _feature_.name = 'rhsClass')"/>
  <linkTraces
      visualID="4013"
      queryText="modelFacet.oclIsKindOf(gmfgen::FeatureLinkModelFacet) and (let _feature_:ecore::EStructuralFeature = modelFacet.oclAsType(gmfgen::FeatureLinkModelFacet).metaFeature.ecoreFeature in (let _eClass_:ecore::EClass = _feature_.eContainingClass in _eClass_.ePackage.nsURI = 'http://big.tuwien.ac.at/smartmatcher/ui/gmf/sm_mm1' and _eClass_.name = 'A2C') and _feature_.name = 'rhsReference')"/>
</trace:TraceModel>
